<?xml version="1.0" encoding="UTF-8"?>
<testsuite xmlns:xsi="http://www.w3.org/2001/XMLSchema-instance" xsi:noNamespaceSchemaLocation="https://maven.apache.org/surefire/maven-surefire-plugin/xsd/surefire-test-report.xsd" name="org.example.SpMyBatisApplicationTests" time="2.999" tests="9" errors="0" skipped="0" failures="0">
  <properties>
[...]
</properties>
  <testcase name="userTestXML1" classname="org.example.SpMyBatisApplicationTests" time="0.987"/>
  <testcase name="userTestXML2" classname="org.example.SpMyBatisApplicationTests" time="0.015"/>
  <testcase name="userTestXML3" classname="org.example.SpMyBatisApplicationTests" time="0.008"/>
  <testcase name="userTestXML4" classname="org.example.SpMyBatisApplicationTests" time="0.009"/>
  <testcase name="userTestXML" classname="org.example.SpMyBatisApplicationTests" time="0.004"/>
  <testcase name="testJDBC" classname="org.example.SpMyBatisApplicationTests" time="0.031"/>
  <testcase name="userTest1" classname="org.example.SpMyBatisApplicationTests" time="0.004"/>
  <testcase name="userTest2" classname="org.example.SpMyBatisApplicationTests" time="0.003"/>
  <testcase name="userTest3" classname="org.example.SpMyBatisApplicationTests" time="0.003"/>
</testsuite>